Thu Mar 12 19:00:49 UTC 2026 | USER: install the nmap
Thu Mar 12 19:00:49 UTC 2026 | ASSISTANT: To install Nmap on most Debian/Ubuntu-based systems, you can use the following command. For other distributions like Fedora/RHEL or Arch, the package manager command would differ (e.g., `dnf install nmap` or `pacman -S nmap`).
Thu Mar 12 19:00:49 UTC 2026 | CMD: sudo apt update && sudo apt install nmap
Thu Mar 12 19:00:49 UTC 2026 | OUTPUT: sudo: apt: command not found
--------------------------------------
Thu Mar 12 19:01:20 UTC 2026 | USER: install httpd
Thu Mar 12 19:01:20 UTC 2026 | ASSISTANT: To install the Apache HTTP Server (httpd) on Red Hat-based systems like Fedora, CentOS, or RHEL, you can use the dnf package manager. The `-y` flag automatically confirms the installation without prompting.
Thu Mar 12 19:01:22 UTC 2026 | CMD: sudo dnf install httpd -y
Thu Mar 12 19:01:22 UTC 2026 | OUTPUT: Updating Subscription Management repositories.
Unable to read consumer identity

This system is not registered with an entitlement server. You can use "rhc" or "subscription-manager" to register.

Last metadata expiration check: 0:39:14 ago on Thu Mar 12 18:22:07 2026.
Package httpd-2.4.63-4.el10_1.3.x86_64 is already installed.
Dependencies resolved.
Nothing to do.
Complete!
--------------------------------------
Thu Mar 12 19:01:51 UTC 2026 | USER: can you tell me importance of linux
Thu Mar 12 19:01:51 UTC 2026 | ASSISTANT: Linux is incredibly important due to its versatility, stability, security, and open-source nature. It powers the vast majority of web servers, cloud infrastructure, supercomputers, Android devices, and a significant portion of embedded systems and IoT devices. Its importance stems from being free, highly customizable, reliable, and offering robust performance, making it a cornerstone of modern technology and innovation.
Thu Mar 12 19:02:20 UTC 2026 | USER: install gedit
Thu Mar 12 19:02:20 UTC 2026 | ASSISTANT: To install gedit on most Debian/Ubuntu-based systems, use the `apt` command. On Red Hat/Fedora/CentOS systems, you would typically use `dnf` or `yum`.

Choose the command appropriate for your distribution:

*   **Debian/Ubuntu/Mint:** `sudo apt update && sudo apt install gedit`
*   **Fedora:** `sudo dnf install gedit`
*   **CentOS/RHEL (8+):** `sudo dnf install gedit`
*   **CentOS/RHEL (7-):** `sudo yum install gedit`

If you are unsure which command to use, `sudo apt install gedit` is a good first try.
Thu Mar 12 19:02:20 UTC 2026 | CMD: sudo apt install gedit
Thu Mar 12 19:02:20 UTC 2026 | OUTPUT: sudo: apt: command not found
--------------------------------------
